<?xml version="1.0" encoding="UTF-8"?>
<testng-results ignored="0" total="1" passed="1" failed="0" skipped="0">
  <reporter-output>
  </reporter-output>
  <suite started-at="2024-02-01T09:55:09 IST" name="VtigerTestSuite" finished-at="2024-02-01T09:56:12 IST" duration-ms="62538">
    <groups>
      <group name="Smoke">
        <method signature="MarketingAccountTestScripts.verifyVT002DeleteAccount()[pri:3, instance:com.eva.vtiger.marketingtestscripts.MarketingAccountTestScripts@14fc5f04]" name="verifyVT002DeleteAccount" class="com.eva.vtiger.marketingtestscripts.MarketingAccountTestScripts"/>
      </group> <!-- Smoke -->
    </groups>
    <test started-at="2024-02-01T09:55:09 IST" name="MarketingSuite" finished-at="2024-02-01T09:56:12 IST" duration-ms="62538">
      <class name="com.eva.vtiger.marketingtestscripts.MarketingAccountTestScripts">
        <test-method is-config="true" signature="beforeSuite()[pri:0, instance:com.eva.vtiger.marketingtestscripts.MarketingAccountTestScripts@14fc5f04]" started-at="2024-02-01T09:55:09 IST" name="beforeSuite" finished-at="2024-02-01T09:55:09 IST" duration-ms="568" status="PASS">
          <reporter-output>
          </reporter-output>
        </test-method> <!-- beforeSuite -->
        <test-method is-config="true" signature="beforeTestTag()[pri:0, instance:com.eva.vtiger.marketingtestscripts.MarketingAccountTestScripts@14fc5f04]" started-at="2024-02-01T09:55:09 IST" name="beforeTestTag" finished-at="2024-02-01T09:55:09 IST" duration-ms="5" status="PASS">
          <reporter-output>
          </reporter-output>
        </test-method> <!-- beforeTestTag -->
        <test-method is-config="true" signature="beforeTestCases(java.lang.String)[pri:0, instance:com.eva.vtiger.marketingtestscripts.MarketingAccountTestScripts@14fc5f04]" started-at="2024-02-01T09:55:09 IST" name="beforeTestCases" finished-at="2024-02-01T09:55:14 IST" duration-ms="5120" status="PASS">
          <params>
            <param index="0">
              <value>
                <![CDATA[chrome]]>
              </value>
            </param>
          </params>
          <reporter-output>
          </reporter-output>
        </test-method> <!-- beforeTestCases -->
        <test-method is-config="true" signature="testGroups()[pri:0, instance:com.eva.vtiger.marketingtestscripts.MarketingAccountTestScripts@14fc5f04]" started-at="2024-02-01T09:55:14 IST" name="testGroups" finished-at="2024-02-01T09:55:14 IST" duration-ms="1" status="PASS">
          <reporter-output>
          </reporter-output>
        </test-method> <!-- testGroups -->
        <test-method is-config="true" signature="beforeMethod(java.lang.String,java.lang.String,java.lang.reflect.Method)[pri:0, instance:com.eva.vtiger.marketingtestscripts.MarketingAccountTestScripts@14fc5f04]" started-at="2024-02-01T09:55:14 IST" name="beforeMethod" finished-at="2024-02-01T09:55:19 IST" duration-ms="4489" status="PASS">
          <params>
            <param index="0">
              <value>
                <![CDATA[admin]]>
              </value>
            </param>
            <param index="1">
              <value>
                <![CDATA[saurabh]]>
              </value>
            </param>
            <param index="2">
              <value>
                <![CDATA[public void com.eva.vtiger.marketingtestscripts.MarketingAccountTestScripts.verifyVT002DeleteAccount() throws java.lang.InterruptedException]]>
              </value>
            </param>
          </params>
          <reporter-output>
          </reporter-output>
        </test-method> <!-- beforeMethod -->
        <test-method signature="verifyVT002DeleteAccount()[pri:3, instance:com.eva.vtiger.marketingtestscripts.MarketingAccountTestScripts@14fc5f04]" started-at="2024-02-01T09:55:19 IST" name="verifyVT002DeleteAccount" finished-at="2024-02-01T09:56:03 IST" duration-ms="44379" status="PASS">
          <reporter-output>
          </reporter-output>
        </test-method> <!-- verifyVT002DeleteAccount -->
        <test-method is-config="true" signature="afterMethod(org.testng.ITestResult,java.lang.reflect.Method)[pri:0, instance:com.eva.vtiger.marketingtestscripts.MarketingAccountTestScripts@14fc5f04]" started-at="2024-02-01T09:56:03 IST" name="afterMethod" finished-at="2024-02-01T09:56:11 IST" duration-ms="7429" status="PASS">
          <params>
            <param index="0">
              <value>
                <![CDATA[[TestResult name=verifyVT002DeleteAccount status=SUCCESS method=MarketingAccountTestScripts.verifyVT002DeleteAccount()[pri:3, instance:com.eva.vtiger.marketingtestscripts.MarketingAccountTestScripts@14fc5f04] output={null}]]]>
              </value>
            </param>
            <param index="1">
              <value>
                <![CDATA[public void com.eva.vtiger.marketingtestscripts.MarketingAccountTestScripts.verifyVT002DeleteAccount() throws java.lang.InterruptedException]]>
              </value>
            </param>
          </params>
          <reporter-output>
          </reporter-output>
        </test-method> <!-- afterMethod -->
        <test-method is-config="true" signature="afterClass()[pri:0, instance:com.eva.vtiger.marketingtestscripts.MarketingAccountTestScripts@14fc5f04]" started-at="2024-02-01T09:56:11 IST" name="afterClass" finished-at="2024-02-01T09:56:12 IST" duration-ms="991" status="PASS">
          <reporter-output>
          </reporter-output>
        </test-method> <!-- afterClass -->
        <test-method is-config="true" signature="afterTest()[pri:0, instance:com.eva.vtiger.marketingtestscripts.MarketingAccountTestScripts@14fc5f04]" started-at="2024-02-01T09:56:12 IST" name="afterTest" finished-at="2024-02-01T09:56:12 IST" duration-ms="0" status="PASS">
          <reporter-output>
          </reporter-output>
        </test-method> <!-- afterTest -->
        <test-method is-config="true" signature="afterSuite()[pri:0, instance:com.eva.vtiger.marketingtestscripts.MarketingAccountTestScripts@14fc5f04]" started-at="2024-02-01T09:56:12 IST" name="afterSuite" finished-at="2024-02-01T09:56:12 IST" duration-ms="21" status="PASS">
          <reporter-output>
          </reporter-output>
        </test-method> <!-- afterSuite -->
      </class> <!-- com.eva.vtiger.marketingtestscripts.MarketingAccountTestScripts -->
    </test> <!-- MarketingSuite -->
  </suite> <!-- VtigerTestSuite -->
</testng-results>
