<?xml version="1.0" encoding="UTF-8"?>
<!-- Generated by org.testng.reporters.JUnitXMLReporter -->
<testsuite ignored="4" hostname="DESKTOP-19RQ3NQ" failures="0" tests="1" name="MarketingSuite" time="62.538" errors="0" timestamp="2024-02-01T09:56:12 IST">
  <testcase classname="com.eva.vtiger.marketingtestscripts.MarketingAccountTestScripts" name="verifyVT002DeleteAccount" time="44.379"/>
  <testcase classname="com.eva.vtiger.marketingtestscripts.MarketingAccountTestScripts" name="verifyVT003SearchAccount" time="0.0">
    <ignored/>
  </testcase> <!-- verifyVT003SearchAccount -->
  <testcase classname="com.eva.vtiger.marketingtestscripts.MarketingAccountTestScripts" name="verifyVT004DuplicateAccount" time="0.0">
    <ignored/>
  </testcase> <!-- verifyVT004DuplicateAccount -->
  <testcase classname="com.eva.vtiger.marketingtestscripts.MarketingAccountTestScripts" name="verifyVT005AccountEditable" time="0.0">
    <ignored/>
  </testcase> <!-- verifyVT005AccountEditable -->
  <testcase classname="com.eva.vtiger.marketingtestscripts.MarketingAccountTestScripts" name="verifyVT001CreateAccount" time="0.0">
    <ignored/>
  </testcase> <!-- verifyVT001CreateAccount -->
</testsuite> <!-- MarketingSuite -->
